<?xml version="1.0" encoding="UTF-8"?>
<!-- Generated by org.testng.reporters.JUnitReportReporter -->
<testsuite hostname="JCI-MH68" failures="0" tests="2" name="com.csm.qa.test.LoginPageTest" time="23.835" errors="0" timestamp="2023-06-20T15:18:27 IST" skipped="0">
  <testcase classname="com.csm.qa.test.LoginPageTest" name="LoginWithValidCredentials" time="13.885"/>
  <system-out/>
  <testcase classname="com.csm.qa.test.LoginPageTest" name="LoginWithInvalidCredentialss" time="9.950"/>
  <system-out/>
</testsuite> <!-- com.csm.qa.test.LoginPageTest -->
