<?xml version="1.0" encoding="UTF-8"?>
<!-- Generated by org.testng.reporters.JUnitReportReporter -->
<testsuite hostname="JCI-MH68" failures="0" tests="2" name="com.csm.qa.test.LoginPageTest" time="23.359" errors="0" timestamp="2023-06-21T11:41:15 IST" skipped="0">
  <testcase classname="com.csm.qa.test.LoginPageTest" name="LoginWithValidCredentials" time="12.318"/>
  <system-out/>
  <testcase classname="com.csm.qa.test.LoginPageTest" name="LoginWithInvalidCredentialss" time="11.041"/>
  <system-out/>
</testsuite> <!-- com.csm.qa.test.LoginPageTest -->
