<?xml version="1.0" encoding="UTF-8"?>
<!-- Generated by org.testng.reporters.JUnitReportReporter -->
<testsuite hostname="JCI-MH68" failures="0" tests="2" name="com.csm.qa.test.LoginPageTest" time="23.595" errors="0" timestamp="2023-06-19T17:24:22 IST" skipped="0">
  <testcase classname="com.csm.qa.test.LoginPageTest" name="LoginWithValidCredentials" time="11.749"/>
  <system-out/>
  <testcase classname="com.csm.qa.test.LoginPageTest" name="LoginWithInvalidCredentialss" time="11.846"/>
  <system-out/>
</testsuite> <!-- com.csm.qa.test.LoginPageTest -->
